<?xml version="1.0" encoding="UTF-8"?>
<testsuite xmlns:xsi="http://www.w3.org/2001/XMLSchema-instance" xsi:noNamespaceSchemaLocation="https://maven.apache.org/surefire/maven-surefire-plugin/xsd/surefire-test-report-3.0.xsd" version="3.0" name="com.crudproject.crud.CrudApplicationTests" time="2.075" tests="1" errors="0" skipped="0" failures="0">
  <properties>
    <property name="java.specification.version" value="17"/>
    <property name="sun.jnu.encoding" value="UTF-8"/>
    <property name="java.class.path" value="/Users/paloit2023/Documents/Repositories/Playa/pruebas/test-repository/target/test-classes:/Users/paloit2023/Documents/Repositories/Playa/pruebas/test-repository/target/classes:/Users/paloit2023/Documents/Software/apache-maven-3.9.1/repository/org/springframework/boot/spring-boot-starter-data-jpa/3.2.4/spring-boot-starter-data-jpa-3.2.4.jar:/Users/paloit2023/Documents/Software/apache-maven-3.9.1/repository/org/springframework/boot/spring-boot-starter-aop/3.2.4/spring-boot-starter-aop-3.2.4.jar:/Users/paloit2023/Documents/Software/apache-maven-3.9.1/repository/org/springframework/spring-aop/6.1.5/spring-aop-6.1.5.jar:/Users/paloit2023/Documents/Software/apache-maven-3.9.1/repository/org/aspectj/aspectjweaver/1.9.21/aspectjweaver-1.9.21.jar:/Users/paloit2023/Documents/Software/apache-maven-3.9.1/repository/org/springframework/boot/spring-boot-starter-jdbc/3.2.4/spring-boot-starter-jdbc-3.2.4.jar:/Users/paloit2023/Documents/Software/apache-maven-3.9.1/repository/com/zaxxer/HikariCP/5.0.1/HikariCP-5.0.1.jar:/Users/paloit2023/Documents/Software/apache-maven-3.9.1/repository/org/springframework/spring-jdbc/6.1.5/spring-jdbc-6.1.5.jar:/Users/paloit2023/Documents/Software/apache-maven-3.9.1/repository/org/hibernate/orm/hibernate-core/6.4.4.Final/hibernate-core-6.4.4.Final.jar:/Users/paloit2023/Documents/Software/apache-maven-3.9.1/repository/jakarta/persistence/jakarta.persistence-api/3.1.0/jakarta.persistence-api-3.1.0.jar:/Users/paloit2023/Documents/Software/apache-maven-3.9.1/repository/jakarta/transaction/jakarta.transaction-api/2.0.1/jakarta.transaction-api-2.0.1.jar:/Users/paloit2023/Documents/Software/apache-maven-3.9.1/repository/org/jboss/logging/jboss-logging/3.5.3.Final/jboss-logging-3.5.3.Final.jar:/Users/paloit2023/Documents/Software/apache-maven-3.9.1/repository/org/hibernate/common/hibernate-commons-annotations/6.0.6.Final/hibernate-commons-annotations-6.0.6.Final.jar:/Users/paloit2023/Documents/Software/apache-maven-3.9.1/repository/io/smallrye/jandex/3.1.2/jandex-3.1.2.jar:/Users/paloit2023/Documents/Software/apache-maven-3.9.1/repository/com/fasterxml/classmate/1.6.0/classmate-1.6.0.jar:/Users/paloit2023/Documents/Software/apache-maven-3.9.1/repository/net/bytebuddy/byte-buddy/1.14.12/byte-buddy-1.14.12.jar:/Users/paloit2023/Documents/Software/apache-maven-3.9.1/repository/org/glassfish/jaxb/jaxb-runtime/4.0.5/jaxb-runtime-4.0.5.jar:/Users/paloit2023/Documents/Software/apache-maven-3.9.1/repository/org/glassfish/jaxb/jaxb-core/4.0.5/jaxb-core-4.0.5.jar:/Users/paloit2023/Documents/Software/apache-maven-3.9.1/repository/org/eclipse/angus/angus-activation/2.0.2/angus-activation-2.0.2.jar:/Users/paloit2023/Documents/Software/apache-maven-3.9.1/repository/org/glassfish/jaxb/txw2/4.0.5/txw2-4.0.5.jar:/Users/paloit2023/Documents/Software/apache-maven-3.9.1/repository/com/sun/istack/istack-commons-runtime/4.1.2/istack-commons-runtime-4.1.2.jar:/Users/paloit2023/Documents/Software/apache-maven-3.9.1/repository/jakarta/inject/jakarta.inject-api/2.0.1/jakarta.inject-api-2.0.1.jar:/Users/paloit2023/Documents/Software/apache-maven-3.9.1/repository/org/antlr/antlr4-runtime/4.13.0/antlr4-runtime-4.13.0.jar:/Users/paloit2023/Documents/Software/apache-maven-3.9.1/repository/org/springframework/data/spring-data-jpa/3.2.4/spring-data-jpa-3.2.4.jar:/Users/paloit2023/Documents/Software/apache-maven-3.9.1/repository/org/springframework/data/spring-data-commons/3.2.4/spring-data-commons-3.2.4.jar:/Users/paloit2023/Documents/Software/apache-maven-3.9.1/repository/org/springframework/spring-orm/6.1.5/spring-orm-6.1.5.jar:/Users/paloit2023/Documents/Software/apache-maven-3.9.1/repository/org/springframework/spring-context/6.1.5/spring-context-6.1.5.jar:/Users/paloit2023/Documents/Software/apache-maven-3.9.1/repository/org/springframework/spring-tx/6.1.5/spring-tx-6.1.5.jar:/Users/paloit2023/Documents/Software/apache-maven-3.9.1/repository/org/springframework/spring-beans/6.1.5/spring-beans-6.1.5.jar:/Users/paloit2023/Documents/Software/apache-maven-3.9.1/repository/jakarta/annotation/jakarta.annotation-api/2.1.1/jakarta.annotation-api-2.1.1.jar:/Users/paloit2023/Documents/Software/apache-maven-3.9.1/repository/org/springframework/spring-aspects/6.1.5/spring-aspects-6.1.5.jar:/Users/paloit2023/Documents/Software/apache-maven-3.9.1/repository/org/springframework/boot/spring-boot-starter-web/3.2.4/spring-boot-starter-web-3.2.4.jar:/Users/paloit2023/Documents/Software/apache-maven-3.9.1/repository/org/springframework/boot/spring-boot-starter/3.2.4/spring-boot-starter-3.2.4.jar:/Users/paloit2023/Documents/Software/apache-maven-3.9.1/repository/org/springframework/boot/spring-boot/3.2.4/spring-boot-3.2.4.jar:/Users/paloit2023/Documents/Software/apache-maven-3.9.1/repository/org/springframework/boot/spring-boot-autoconfigure/3.2.4/spring-boot-autoconfigure-3.2.4.jar:/Users/paloit2023/Documents/Software/apache-maven-3.9.1/repository/org/springframework/boot/spring-boot-starter-logging/3.2.4/spring-boot-starter-logging-3.2.4.jar:/Users/paloit2023/Documents/Software/apache-maven-3.9.1/repository/org/apache/logging/log4j/log4j-to-slf4j/2.21.1/log4j-to-slf4j-2.21.1.jar:/Users/paloit2023/Documents/Software/apache-maven-3.9.1/repository/org/apache/logging/log4j/log4j-api/2.21.1/log4j-api-2.21.1.jar:/Users/paloit2023/Documents/Software/apache-maven-3.9.1/repository/org/slf4j/jul-to-slf4j/2.0.12/jul-to-slf4j-2.0.12.jar:/Users/paloit2023/Documents/Software/apache-maven-3.9.1/repository/org/yaml/snakeyaml/2.2/snakeyaml-2.2.jar:/Users/paloit2023/Documents/Software/apache-maven-3.9.1/repository/org/springframework/boot/spring-boot-starter-json/3.2.4/spring-boot-starter-json-3.2.4.jar:/Users/paloit2023/Documents/Software/apache-maven-3.9.1/repository/com/fasterxml/jackson/core/jackson-databind/2.15.4/jackson-databind-2.15.4.jar:/Users/paloit2023/Documents/Software/apache-maven-3.9.1/repository/com/fasterxml/jackson/core/jackson-annotations/2.15.4/jackson-annotations-2.15.4.jar:/Users/paloit2023/Documents/Software/apache-maven-3.9.1/repository/com/fasterxml/jackson/core/jackson-core/2.15.4/jackson-core-2.15.4.jar:/Users/paloit2023/Documents/Software/apache-maven-3.9.1/repository/com/fasterxml/jackson/datatype/jackson-datatype-jdk8/2.15.4/jackson-datatype-jdk8-2.15.4.jar:/Users/paloit2023/Documents/Software/apache-maven-3.9.1/repository/com/fasterxml/jackson/datatype/jackson-datatype-jsr310/2.15.4/jackson-datatype-jsr310-2.15.4.jar:/Users/paloit2023/Documents/Software/apache-maven-3.9.1/repository/com/fasterxml/jackson/module/jackson-module-parameter-names/2.15.4/jackson-module-parameter-names-2.15.4.jar:/Users/paloit2023/Documents/Software/apache-maven-3.9.1/repository/org/springframework/boot/spring-boot-starter-tomcat/3.2.4/spring-boot-starter-tomcat-3.2.4.jar:/Users/paloit2023/Documents/Software/apache-maven-3.9.1/repository/org/apache/tomcat/embed/tomcat-embed-core/10.1.19/tomcat-embed-core-10.1.19.jar:/Users/paloit2023/Documents/Software/apache-maven-3.9.1/repository/org/apache/tomcat/embed/tomcat-embed-el/10.1.19/tomcat-embed-el-10.1.19.jar:/Users/paloit2023/Documents/Software/apache-maven-3.9.1/repository/org/apache/tomcat/embed/tomcat-embed-websocket/10.1.19/tomcat-embed-websocket-10.1.19.jar:/Users/paloit2023/Documents/Software/apache-maven-3.9.1/repository/org/springframework/spring-web/6.1.5/spring-web-6.1.5.jar:/Users/paloit2023/Documents/Software/apache-maven-3.9.1/repository/io/micrometer/micrometer-observation/1.12.4/micrometer-observation-1.12.4.jar:/Users/paloit2023/Documents/Software/apache-maven-3.9.1/repository/io/micrometer/micrometer-commons/1.12.4/micrometer-commons-1.12.4.jar:/Users/paloit2023/Documents/Software/apache-maven-3.9.1/repository/org/springframework/spring-webmvc/6.1.5/spring-webmvc-6.1.5.jar:/Users/paloit2023/Documents/Software/apache-maven-3.9.1/repository/org/springframework/spring-expression/6.1.5/spring-expression-6.1.5.jar:/Users/paloit2023/Documents/Software/apache-maven-3.9.1/repository/com/h2database/h2/2.2.224/h2-2.2.224.jar:/Users/paloit2023/Documents/Software/apache-maven-3.9.1/repository/org/springframework/boot/spring-boot-starter-test/3.2.4/spring-boot-starter-test-3.2.4.jar:/Users/paloit2023/Documents/Software/apache-maven-3.9.1/repository/org/springframework/boot/spring-boot-test/3.2.4/spring-boot-test-3.2.4.jar:/Users/paloit2023/Documents/Software/apache-maven-3.9.1/repository/org/springframework/boot/spring-boot-test-autoconfigure/3.2.4/spring-boot-test-autoconfigure-3.2.4.jar:/Users/paloit2023/Documents/Software/apache-maven-3.9.1/repository/com/jayway/jsonpath/json-path/2.9.0/json-path-2.9.0.jar:/Users/paloit2023/Documents/Software/apache-maven-3.9.1/repository/jakarta/xml/bind/jakarta.xml.bind-api/4.0.2/jakarta.xml.bind-api-4.0.2.jar:/Users/paloit2023/Documents/Software/apache-maven-3.9.1/repository/jakarta/activation/jakarta.activation-api/2.1.3/jakarta.activation-api-2.1.3.jar:/Users/paloit2023/Documents/Software/apache-maven-3.9.1/repository/net/minidev/json-smart/2.5.0/json-smart-2.5.0.jar:/Users/paloit2023/Documents/Software/apache-maven-3.9.1/repository/net/minidev/accessors-smart/2.5.0/accessors-smart-2.5.0.jar:/Users/paloit2023/Documents/Software/apache-maven-3.9.1/repository/org/ow2/asm/asm/9.3/asm-9.3.jar:/Users/paloit2023/Documents/Software/apache-maven-3.9.1/repository/org/assertj/assertj-core/3.24.2/assertj-core-3.24.2.jar:/Users/paloit2023/Documents/Software/apache-maven-3.9.1/repository/org/awaitility/awaitility/4.2.0/awaitility-4.2.0.jar:/Users/paloit2023/Documents/Software/apache-maven-3.9.1/repository/org/hamcrest/hamcrest/2.2/hamcrest-2.2.jar:/Users/paloit2023/Documents/Software/apache-maven-3.9.1/repository/org/junit/jupiter/junit-jupiter/5.10.2/junit-jupiter-5.10.2.jar:/Users/paloit2023/Documents/Software/apache-maven-3.9.1/repository/org/junit/jupiter/junit-jupiter-api/5.10.2/junit-jupiter-api-5.10.2.jar:/Users/paloit2023/Documents/Software/apache-maven-3.9.1/repository/org/opentest4j/opentest4j/1.3.0/opentest4j-1.3.0.jar:/Users/paloit2023/Documents/Software/apache-maven-3.9.1/repository/org/junit/platform/junit-platform-commons/1.10.2/junit-platform-commons-1.10.2.jar:/Users/paloit2023/Documents/Software/apache-maven-3.9.1/repository/org/apiguardian/apiguardian-api/1.1.2/apiguardian-api-1.1.2.jar:/Users/paloit2023/Documents/Software/apache-maven-3.9.1/repository/org/junit/jupiter/junit-jupiter-params/5.10.2/junit-jupiter-params-5.10.2.jar:/Users/paloit2023/Documents/Software/apache-maven-3.9.1/repository/org/junit/jupiter/junit-jupiter-engine/5.10.2/junit-jupiter-engine-5.10.2.jar:/Users/paloit2023/Documents/Software/apache-maven-3.9.1/repository/org/junit/platform/junit-platform-engine/1.10.2/junit-platform-engine-1.10.2.jar:/Users/paloit2023/Documents/Software/apache-maven-3.9.1/repository/org/mockito/mockito-core/5.7.0/mockito-core-5.7.0.jar:/Users/paloit2023/Documents/Software/apache-maven-3.9.1/repository/net/bytebuddy/byte-buddy-agent/1.14.12/byte-buddy-agent-1.14.12.jar:/Users/paloit2023/Documents/Software/apache-maven-3.9.1/repository/org/objenesis/objenesis/3.3/objenesis-3.3.jar:/Users/paloit2023/Documents/Software/apache-maven-3.9.1/repository/org/mockito/mockito-junit-jupiter/5.7.0/mockito-junit-jupiter-5.7.0.jar:/Users/paloit2023/Documents/Software/apache-maven-3.9.1/repository/org/skyscreamer/jsonassert/1.5.1/jsonassert-1.5.1.jar:/Users/paloit2023/Documents/Software/apache-maven-3.9.1/repository/com/vaadin/external/google/android-json/0.0.20131108.vaadin1/android-json-0.0.20131108.vaadin1.jar:/Users/paloit2023/Documents/Software/apache-maven-3.9.1/repository/org/springframework/spring-core/6.1.5/spring-core-6.1.5.jar:/Users/paloit2023/Documents/Software/apache-maven-3.9.1/repository/org/springframework/spring-jcl/6.1.5/spring-jcl-6.1.5.jar:/Users/paloit2023/Documents/Software/apache-maven-3.9.1/repository/org/springframework/spring-test/6.1.5/spring-test-6.1.5.jar:/Users/paloit2023/Documents/Software/apache-maven-3.9.1/repository/org/xmlunit/xmlunit-core/2.9.1/xmlunit-core-2.9.1.jar:/Users/paloit2023/Documents/Software/apache-maven-3.9.1/repository/ch/qos/logback/logback-core/1.4.12/logback-core-1.4.12.jar:/Users/paloit2023/Documents/Software/apache-maven-3.9.1/repository/ch/qos/logback/logback-classic/1.4.14/logback-classic-1.4.14.jar:/Users/paloit2023/Documents/Software/apache-maven-3.9.1/repository/org/slf4j/slf4j-api/2.0.12/slf4j-api-2.0.12.jar:"/>
    <property name="java.vm.vendor" value="Oracle Corporation"/>
    <property name="sun.arch.data.model" value="64"/>
    <property name="java.vendor.url" value="https://java.oracle.com/"/>
    <property name="user.timezone" value="America/Mexico_City"/>
    <property name="org.jboss.logging.provider" value="slf4j"/>
    <property name="os.name" value="Mac OS X"/>
    <property name="java.vm.specification.version" value="17"/>
    <property name="sun.java.launcher" value="SUN_STANDARD"/>
    <property name="user.country" value="MX"/>
    <property name="sun.boot.library.path" value="/Users/paloit2023/Documents/Software/jdk-17.0.6.jdk/Contents/Home/lib"/>
    <property name="sun.java.command" value="/Users/paloit2023/Documents/Repositories/Playa/pruebas/test-repository/target/surefire/surefirebooter-20240331212446518_3.jar /Users/paloit2023/Documents/Repositories/Playa/pruebas/test-repository/target/surefire 2024-03-31T21-24-46_471-jvmRun1 surefire-20240331212446518_1tmp surefire_0-20240331212446518_2tmp"/>
    <property name="http.nonProxyHosts" value="local|*.local|169.254/16|*.169.254/16"/>
    <property name="jdk.debug" value="release"/>
    <property name="surefire.test.class.path" value="/Users/paloit2023/Documents/Repositories/Playa/pruebas/test-repository/target/test-classes:/Users/paloit2023/Documents/Repositories/Playa/pruebas/test-repository/target/classes:/Users/paloit2023/Documents/Software/apache-maven-3.9.1/repository/org/springframework/boot/spring-boot-starter-data-jpa/3.2.4/spring-boot-starter-data-jpa-3.2.4.jar:/Users/paloit2023/Documents/Software/apache-maven-3.9.1/repository/org/springframework/boot/spring-boot-starter-aop/3.2.4/spring-boot-starter-aop-3.2.4.jar:/Users/paloit2023/Documents/Software/apache-maven-3.9.1/repository/org/springframework/spring-aop/6.1.5/spring-aop-6.1.5.jar:/Users/paloit2023/Documents/Software/apache-maven-3.9.1/repository/org/aspectj/aspectjweaver/1.9.21/aspectjweaver-1.9.21.jar:/Users/paloit2023/Documents/Software/apache-maven-3.9.1/repository/org/springframework/boot/spring-boot-starter-jdbc/3.2.4/spring-boot-starter-jdbc-3.2.4.jar:/Users/paloit2023/Documents/Software/apache-maven-3.9.1/repository/com/zaxxer/HikariCP/5.0.1/HikariCP-5.0.1.jar:/Users/paloit2023/Documents/Software/apache-maven-3.9.1/repository/org/springframework/spring-jdbc/6.1.5/spring-jdbc-6.1.5.jar:/Users/paloit2023/Documents/Software/apache-maven-3.9.1/repository/org/hibernate/orm/hibernate-core/6.4.4.Final/hibernate-core-6.4.4.Final.jar:/Users/paloit2023/Documents/Software/apache-maven-3.9.1/repository/jakarta/persistence/jakarta.persistence-api/3.1.0/jakarta.persistence-api-3.1.0.jar:/Users/paloit2023/Documents/Software/apache-maven-3.9.1/repository/jakarta/transaction/jakarta.transaction-api/2.0.1/jakarta.transaction-api-2.0.1.jar:/Users/paloit2023/Documents/Software/apache-maven-3.9.1/repository/org/jboss/logging/jboss-logging/3.5.3.Final/jboss-logging-3.5.3.Final.jar:/Users/paloit2023/Documents/Software/apache-maven-3.9.1/repository/org/hibernate/common/hibernate-commons-annotations/6.0.6.Final/hibernate-commons-annotations-6.0.6.Final.jar:/Users/paloit2023/Documents/Software/apache-maven-3.9.1/repository/io/smallrye/jandex/3.1.2/jandex-3.1.2.jar:/Users/paloit2023/Documents/Software/apache-maven-3.9.1/repository/com/fasterxml/classmate/1.6.0/classmate-1.6.0.jar:/Users/paloit2023/Documents/Software/apache-maven-3.9.1/repository/net/bytebuddy/byte-buddy/1.14.12/byte-buddy-1.14.12.jar:/Users/paloit2023/Documents/Software/apache-maven-3.9.1/repository/org/glassfish/jaxb/jaxb-runtime/4.0.5/jaxb-runtime-4.0.5.jar:/Users/paloit2023/Documents/Software/apache-maven-3.9.1/repository/org/glassfish/jaxb/jaxb-core/4.0.5/jaxb-core-4.0.5.jar:/Users/paloit2023/Documents/Software/apache-maven-3.9.1/repository/org/eclipse/angus/angus-activation/2.0.2/angus-activation-2.0.2.jar:/Users/paloit2023/Documents/Software/apache-maven-3.9.1/repository/org/glassfish/jaxb/txw2/4.0.5/txw2-4.0.5.jar:/Users/paloit2023/Documents/Software/apache-maven-3.9.1/repository/com/sun/istack/istack-commons-runtime/4.1.2/istack-commons-runtime-4.1.2.jar:/Users/paloit2023/Documents/Software/apache-maven-3.9.1/repository/jakarta/inject/jakarta.inject-api/2.0.1/jakarta.inject-api-2.0.1.jar:/Users/paloit2023/Documents/Software/apache-maven-3.9.1/repository/org/antlr/antlr4-runtime/4.13.0/antlr4-runtime-4.13.0.jar:/Users/paloit2023/Documents/Software/apache-maven-3.9.1/repository/org/springframework/data/spring-data-jpa/3.2.4/spring-data-jpa-3.2.4.jar:/Users/paloit2023/Documents/Software/apache-maven-3.9.1/repository/org/springframework/data/spring-data-commons/3.2.4/spring-data-commons-3.2.4.jar:/Users/paloit2023/Documents/Software/apache-maven-3.9.1/repository/org/springframework/spring-orm/6.1.5/spring-orm-6.1.5.jar:/Users/paloit2023/Documents/Software/apache-maven-3.9.1/repository/org/springframework/spring-context/6.1.5/spring-context-6.1.5.jar:/Users/paloit2023/Documents/Software/apache-maven-3.9.1/repository/org/springframework/spring-tx/6.1.5/spring-tx-6.1.5.jar:/Users/paloit2023/Documents/Software/apache-maven-3.9.1/repository/org/springframework/spring-beans/6.1.5/spring-beans-6.1.5.jar:/Users/paloit2023/Documents/Software/apache-maven-3.9.1/repository/jakarta/annotation/jakarta.annotation-api/2.1.1/jakarta.annotation-api-2.1.1.jar:/Users/paloit2023/Documents/Software/apache-maven-3.9.1/repository/org/springframework/spring-aspects/6.1.5/spring-aspects-6.1.5.jar:/Users/paloit2023/Documents/Software/apache-maven-3.9.1/repository/org/springframework/boot/spring-boot-starter-web/3.2.4/spring-boot-starter-web-3.2.4.jar:/Users/paloit2023/Documents/Software/apache-maven-3.9.1/repository/org/springframework/boot/spring-boot-starter/3.2.4/spring-boot-starter-3.2.4.jar:/Users/paloit2023/Documents/Software/apache-maven-3.9.1/repository/org/springframework/boot/spring-boot/3.2.4/spring-boot-3.2.4.jar:/Users/paloit2023/Documents/Software/apache-maven-3.9.1/repository/org/springframework/boot/spring-boot-autoconfigure/3.2.4/spring-boot-autoconfigure-3.2.4.jar:/Users/paloit2023/Documents/Software/apache-maven-3.9.1/repository/org/springframework/boot/spring-boot-starter-logging/3.2.4/spring-boot-starter-logging-3.2.4.jar:/Users/paloit2023/Documents/Software/apache-maven-3.9.1/repository/org/apache/logging/log4j/log4j-to-slf4j/2.21.1/log4j-to-slf4j-2.21.1.jar:/Users/paloit2023/Documents/Software/apache-maven-3.9.1/repository/org/apache/logging/log4j/log4j-api/2.21.1/log4j-api-2.21.1.jar:/Users/paloit2023/Documents/Software/apache-maven-3.9.1/repository/org/slf4j/jul-to-slf4j/2.0.12/jul-to-slf4j-2.0.12.jar:/Users/paloit2023/Documents/Software/apache-maven-3.9.1/repository/org/yaml/snakeyaml/2.2/snakeyaml-2.2.jar:/Users/paloit2023/Documents/Software/apache-maven-3.9.1/repository/org/springframework/boot/spring-boot-starter-json/3.2.4/spring-boot-starter-json-3.2.4.jar:/Users/paloit2023/Documents/Software/apache-maven-3.9.1/repository/com/fasterxml/jackson/core/jackson-databind/2.15.4/jackson-databind-2.15.4.jar:/Users/paloit2023/Documents/Software/apache-maven-3.9.1/repository/com/fasterxml/jackson/core/jackson-annotations/2.15.4/jackson-annotations-2.15.4.jar:/Users/paloit2023/Documents/Software/apache-maven-3.9.1/repository/com/fasterxml/jackson/core/jackson-core/2.15.4/jackson-core-2.15.4.jar:/Users/paloit2023/Documents/Software/apache-maven-3.9.1/repository/com/fasterxml/jackson/datatype/jackson-datatype-jdk8/2.15.4/jackson-datatype-jdk8-2.15.4.jar:/Users/paloit2023/Documents/Software/apache-maven-3.9.1/repository/com/fasterxml/jackson/datatype/jackson-datatype-jsr310/2.15.4/jackson-datatype-jsr310-2.15.4.jar:/Users/paloit2023/Documents/Software/apache-maven-3.9.1/repository/com/fasterxml/jackson/module/jackson-module-parameter-names/2.15.4/jackson-module-parameter-names-2.15.4.jar:/Users/paloit2023/Documents/Software/apache-maven-3.9.1/repository/org/springframework/boot/spring-boot-starter-tomcat/3.2.4/spring-boot-starter-tomcat-3.2.4.jar:/Users/paloit2023/Documents/Software/apache-maven-3.9.1/repository/org/apache/tomcat/embed/tomcat-embed-core/10.1.19/tomcat-embed-core-10.1.19.jar:/Users/paloit2023/Documents/Software/apache-maven-3.9.1/repository/org/apache/tomcat/embed/tomcat-embed-el/10.1.19/tomcat-embed-el-10.1.19.jar:/Users/paloit2023/Documents/Software/apache-maven-3.9.1/repository/org/apache/tomcat/embed/tomcat-embed-websocket/10.1.19/tomcat-embed-websocket-10.1.19.jar:/Users/paloit2023/Documents/Software/apache-maven-3.9.1/repository/org/springframework/spring-web/6.1.5/spring-web-6.1.5.jar:/Users/paloit2023/Documents/Software/apache-maven-3.9.1/repository/io/micrometer/micrometer-observation/1.12.4/micrometer-observation-1.12.4.jar:/Users/paloit2023/Documents/Software/apache-maven-3.9.1/repository/io/micrometer/micrometer-commons/1.12.4/micrometer-commons-1.12.4.jar:/Users/paloit2023/Documents/Software/apache-maven-3.9.1/repository/org/springframework/spring-webmvc/6.1.5/spring-webmvc-6.1.5.jar:/Users/paloit2023/Documents/Software/apache-maven-3.9.1/repository/org/springframework/spring-expression/6.1.5/spring-expression-6.1.5.jar:/Users/paloit2023/Documents/Software/apache-maven-3.9.1/repository/com/h2database/h2/2.2.224/h2-2.2.224.jar:/Users/paloit2023/Documents/Software/apache-maven-3.9.1/repository/org/springframework/boot/spring-boot-starter-test/3.2.4/spring-boot-starter-test-3.2.4.jar:/Users/paloit2023/Documents/Software/apache-maven-3.9.1/repository/org/springframework/boot/spring-boot-test/3.2.4/spring-boot-test-3.2.4.jar:/Users/paloit2023/Documents/Software/apache-maven-3.9.1/repository/org/springframework/boot/spring-boot-test-autoconfigure/3.2.4/spring-boot-test-autoconfigure-3.2.4.jar:/Users/paloit2023/Documents/Software/apache-maven-3.9.1/repository/com/jayway/jsonpath/json-path/2.9.0/json-path-2.9.0.jar:/Users/paloit2023/Documents/Software/apache-maven-3.9.1/repository/jakarta/xml/bind/jakarta.xml.bind-api/4.0.2/jakarta.xml.bind-api-4.0.2.jar:/Users/paloit2023/Documents/Software/apache-maven-3.9.1/repository/jakarta/activation/jakarta.activation-api/2.1.3/jakarta.activation-api-2.1.3.jar:/Users/paloit2023/Documents/Software/apache-maven-3.9.1/repository/net/minidev/json-smart/2.5.0/json-smart-2.5.0.jar:/Users/paloit2023/Documents/Software/apache-maven-3.9.1/repository/net/minidev/accessors-smart/2.5.0/accessors-smart-2.5.0.jar:/Users/paloit2023/Documents/Software/apache-maven-3.9.1/repository/org/ow2/asm/asm/9.3/asm-9.3.jar:/Users/paloit2023/Documents/Software/apache-maven-3.9.1/repository/org/assertj/assertj-core/3.24.2/assertj-core-3.24.2.jar:/Users/paloit2023/Documents/Software/apache-maven-3.9.1/repository/org/awaitility/awaitility/4.2.0/awaitility-4.2.0.jar:/Users/paloit2023/Documents/Software/apache-maven-3.9.1/repository/org/hamcrest/hamcrest/2.2/hamcrest-2.2.jar:/Users/paloit2023/Documents/Software/apache-maven-3.9.1/repository/org/junit/jupiter/junit-jupiter/5.10.2/junit-jupiter-5.10.2.jar:/Users/paloit2023/Documents/Software/apache-maven-3.9.1/repository/org/junit/jupiter/junit-jupiter-api/5.10.2/junit-jupiter-api-5.10.2.jar:/Users/paloit2023/Documents/Software/apache-maven-3.9.1/repository/org/opentest4j/opentest4j/1.3.0/opentest4j-1.3.0.jar:/Users/paloit2023/Documents/Software/apache-maven-3.9.1/repository/org/junit/platform/junit-platform-commons/1.10.2/junit-platform-commons-1.10.2.jar:/Users/paloit2023/Documents/Software/apache-maven-3.9.1/repository/org/apiguardian/apiguardian-api/1.1.2/apiguardian-api-1.1.2.jar:/Users/paloit2023/Documents/Software/apache-maven-3.9.1/repository/org/junit/jupiter/junit-jupiter-params/5.10.2/junit-jupiter-params-5.10.2.jar:/Users/paloit2023/Documents/Software/apache-maven-3.9.1/repository/org/junit/jupiter/junit-jupiter-engine/5.10.2/junit-jupiter-engine-5.10.2.jar:/Users/paloit2023/Documents/Software/apache-maven-3.9.1/repository/org/junit/platform/junit-platform-engine/1.10.2/junit-platform-engine-1.10.2.jar:/Users/paloit2023/Documents/Software/apache-maven-3.9.1/repository/org/mockito/mockito-core/5.7.0/mockito-core-5.7.0.jar:/Users/paloit2023/Documents/Software/apache-maven-3.9.1/repository/net/bytebuddy/byte-buddy-agent/1.14.12/byte-buddy-agent-1.14.12.jar:/Users/paloit2023/Documents/Software/apache-maven-3.9.1/repository/org/objenesis/objenesis/3.3/objenesis-3.3.jar:/Users/paloit2023/Documents/Software/apache-maven-3.9.1/repository/org/mockito/mockito-junit-jupiter/5.7.0/mockito-junit-jupiter-5.7.0.jar:/Users/paloit2023/Documents/Software/apache-maven-3.9.1/repository/org/skyscreamer/jsonassert/1.5.1/jsonassert-1.5.1.jar:/Users/paloit2023/Documents/Software/apache-maven-3.9.1/repository/com/vaadin/external/google/android-json/0.0.20131108.vaadin1/android-json-0.0.20131108.vaadin1.jar:/Users/paloit2023/Documents/Software/apache-maven-3.9.1/repository/org/springframework/spring-core/6.1.5/spring-core-6.1.5.jar:/Users/paloit2023/Documents/Software/apache-maven-3.9.1/repository/org/springframework/spring-jcl/6.1.5/spring-jcl-6.1.5.jar:/Users/paloit2023/Documents/Software/apache-maven-3.9.1/repository/org/springframework/spring-test/6.1.5/spring-test-6.1.5.jar:/Users/paloit2023/Documents/Software/apache-maven-3.9.1/repository/org/xmlunit/xmlunit-core/2.9.1/xmlunit-core-2.9.1.jar:/Users/paloit2023/Documents/Software/apache-maven-3.9.1/repository/ch/qos/logback/logback-core/1.4.12/logback-core-1.4.12.jar:/Users/paloit2023/Documents/Software/apache-maven-3.9.1/repository/ch/qos/logback/logback-classic/1.4.14/logback-classic-1.4.14.jar:/Users/paloit2023/Documents/Software/apache-maven-3.9.1/repository/org/slf4j/slf4j-api/2.0.12/slf4j-api-2.0.12.jar:"/>
    <property name="sun.cpu.endian" value="little"/>
    <property name="user.home" value="/Users/paloit2023"/>
    <property name="user.language" value="en"/>
    <property name="java.specification.vendor" value="Oracle Corporation"/>
    <property name="java.version.date" value="2023-01-17"/>
    <property name="java.home" value="/Users/paloit2023/Documents/Software/jdk-17.0.6.jdk/Contents/Home"/>
    <property name="file.separator" value="/"/>
    <property name="basedir" value="/Users/paloit2023/Documents/Repositories/Playa/pruebas/test-repository"/>
    <property name="java.vm.compressedOopsMode" value="Zero based"/>
    <property name="line.separator" value="&#10;"/>
    <property name="java.vm.specification.vendor" value="Oracle Corporation"/>
    <property name="java.specification.name" value="Java Platform API Specification"/>
    <property name="FILE_LOG_CHARSET" value="UTF-8"/>
    <property name="java.awt.headless" value="true"/>
    <property name="surefire.real.class.path" value="/Users/paloit2023/Documents/Repositories/Playa/pruebas/test-repository/target/surefire/surefirebooter-20240331212446518_3.jar"/>
    <property name="sun.management.compiler" value="HotSpot 64-Bit Tiered Compilers"/>
    <property name="ftp.nonProxyHosts" value="local|*.local|169.254/16|*.169.254/16"/>
    <property name="java.runtime.version" value="17.0.6+9-LTS-190"/>
    <property name="user.name" value="paloit2023"/>
    <property name="path.separator" value=":"/>
    <property name="os.version" value="12.6.3"/>
    <property name="java.runtime.name" value="Java(TM) SE Runtime Environment"/>
    <property name="file.encoding" value="UTF-8"/>
    <property name="java.vm.name" value="Java HotSpot(TM) 64-Bit Server VM"/>
    <property name="localRepository" value="/Users/paloit2023/Documents/Software/apache-maven-3.9.1/repository"/>
    <property name="java.vendor.url.bug" value="https://bugreport.java.com/bugreport/"/>
    <property name="java.io.tmpdir" value="/var/folders/3b/43lmbtcd5wdfbvhm7bdg5b180000gn/T/"/>
    <property name="com.zaxxer.hikari.pool_number" value="1"/>
    <property name="java.version" value="17.0.6"/>
    <property name="user.dir" value="/Users/paloit2023/Documents/Repositories/Playa/pruebas/test-repository"/>
    <property name="os.arch" value="aarch64"/>
    <property name="java.vm.specification.name" value="Java Virtual Machine Specification"/>
    <property name="PID" value="5654"/>
    <property name="CONSOLE_LOG_CHARSET" value="UTF-8"/>
    <property name="native.encoding" value="UTF-8"/>
    <property name="java.library.path" value="/Users/paloit2023/Library/Java/Extensions:/Library/Java/Extensions:/Network/Library/Java/Extensions:/System/Library/Java/Extensions:/usr/lib/java:."/>
    <property name="java.vm.info" value="mixed mode, sharing"/>
    <property name="java.vendor" value="Oracle Corporation"/>
    <property name="java.vm.version" value="17.0.6+9-LTS-190"/>
    <property name="sun.io.unicode.encoding" value="UnicodeBig"/>
    <property name="socksNonProxyHosts" value="local|*.local|169.254/16|*.169.254/16"/>
    <property name="java.class.version" value="61.0"/>
    <property name="LOGGED_APPLICATION_NAME" value="[crud] "/>
  </properties>
  <testcase name="contextLoads" classname="com.crudproject.crud.CrudApplicationTests" time="0.306">
    <system-out><![CDATA[21:24:46.854 [main] INFO org.springframework.test.context.support.AnnotationConfigContextLoaderUtils -- Could not detect default configuration classes for test class [com.crudproject.crud.CrudApplicationTests]: CrudApplicationTests does not declare any static, non-private, non-final, nested classes annotated with @Configuration.
21:24:46.900 [main] INFO org.springframework.boot.test.context.SpringBootTestContextBootstrapper -- Found @SpringBootConfiguration com.crudproject.crud.CrudApplication for test class com.crudproject.crud.CrudApplicationTests
default THREAD FACTORY

  .   ____          _            __ _ _
 /\\ / ___'_ __ _ _(_)_ __  __ _ \ \ \ \
( ( )\___ | '_ | '_| | '_ \/ _` | \ \ \ \
 \\/  ___)| |_)| | | | | || (_| |  ) ) ) )
  '  |____| .__|_| |_|_| |_\__, | / / / /
 =========|_|==============|___/=/_/_/_/
 :: Spring Boot ::                (v3.2.4)

2024-03-31T21:24:47.070-06:00  INFO 5654 --- [crud] [           main] c.crudproject.crud.CrudApplicationTests  : Starting CrudApplicationTests using Java 17.0.6 with PID 5654 (started by paloit2023 in /Users/paloit2023/Documents/Repositories/Playa/pruebas/test-repository)
2024-03-31T21:24:47.071-06:00  INFO 5654 --- [crud] [           main] c.crudproject.crud.CrudApplicationTests  : No active profile set, falling back to 1 default profile: "default"
2024-03-31T21:24:47.347-06:00  INFO 5654 --- [crud] [           main] .s.d.r.c.RepositoryConfigurationDelegate : Bootstrapping Spring Data JPA repositories in DEFAULT mode.
2024-03-31T21:24:47.369-06:00  INFO 5654 --- [crud] [           main] .s.d.r.c.RepositoryConfigurationDelegate : Finished Spring Data repository scanning in 18 ms. Found 1 JPA repository interface.
2024-03-31T21:24:47.551-06:00  INFO 5654 --- [crud] [           main] com.zaxxer.hikari.HikariDataSource       : HikariPool-1 - Starting...
2024-03-31T21:24:47.643-06:00  INFO 5654 --- [crud] [           main] com.zaxxer.hikari.pool.HikariPool        : HikariPool-1 - Added connection conn0: url=jdbc:h2:mem:testdb user=SA
2024-03-31T21:24:47.644-06:00  INFO 5654 --- [crud] [           main] com.zaxxer.hikari.HikariDataSource       : HikariPool-1 - Start completed.
2024-03-31T21:24:47.666-06:00  INFO 5654 --- [crud] [           main] o.hibernate.jpa.internal.util.LogHelper  : HHH000204: Processing PersistenceUnitInfo [name: default]
2024-03-31T21:24:47.694-06:00  INFO 5654 --- [crud] [           main] org.hibernate.Version                    : HHH000412: Hibernate ORM core version 6.4.4.Final
2024-03-31T21:24:47.709-06:00  INFO 5654 --- [crud] [           main] o.h.c.internal.RegionFactoryInitiator    : HHH000026: Second-level cache disabled
2024-03-31T21:24:47.818-06:00  INFO 5654 --- [crud] [           main] o.s.o.j.p.SpringPersistenceUnitInfo      : No LoadTimeWeaver setup: ignoring JPA class transformer
2024-03-31T21:24:47.843-06:00  WARN 5654 --- [crud] [           main] org.hibernate.orm.deprecation            : HHH90000025: H2Dialect does not need to be specified explicitly using 'hibernate.dialect' (remove the property setting and it will be selected by default)
2024-03-31T21:24:48.192-06:00  INFO 5654 --- [crud] [           main] o.h.e.t.j.p.i.JtaPlatformInitiator       : HHH000489: No JTA platform available (set 'hibernate.transaction.jta.platform' to enable JTA platform integration)
2024-03-31T21:24:48.207-06:00  INFO 5654 --- [crud] [           main] j.LocalContainerEntityManagerFactoryBean : Initialized JPA EntityManagerFactory for persistence unit 'default'
2024-03-31T21:24:48.369-06:00  WARN 5654 --- [crud] [           main] JpaBaseConfiguration$JpaWebConfiguration : spring.jpa.open-in-view is enabled by default. Therefore, database queries may be performed during view rendering. Explicitly configure spring.jpa.open-in-view to disable this warning
2024-03-31T21:24:48.534-06:00  INFO 5654 --- [crud] [           main] c.crudproject.crud.CrudApplicationTests  : Started CrudApplicationTests in 1.572 seconds (process running for 1.976)
]]></system-out>
  </testcase>
</testsuite>